Start testing: Jul 30 21:28 UTC
----------------------------------------------------------
1/33 Testing: lifecycle_smoke
1/33 Test: lifecycle_smoke
Command: "/home/taylor.frey/Desktop/GUI Frame/toolbox/build/tests/lifecycle_smoke"
Directory: /home/taylor.frey/Desktop/GUI Frame/toolbox/build/tests
"lifecycle_smoke" start time: Jul 30 21:28 UTC
Output:
----------------------------------------------------------
lifecycle_smoke: iteration 0 ok
lifecycle_smoke: iteration 1 ok
lifecycle_smoke: iteration 2 ok
lifecycle_smoke: iteration 3 ok
lifecycle_smoke: iteration 4 ok
lifecycle_smoke: 5 iterations completed cleanly
<end of output>
Test time =   0.86 sec
----------------------------------------------------------
Test Passed.
"lifecycle_smoke" end time: Jul 30 21:28 UTC
"lifecycle_smoke" time elapsed: 00:00:00
----------------------------------------------------------

2/33 Testing: layout_smoke
2/33 Test: layout_smoke
Command: "/home/taylor.frey/Desktop/GUI Frame/toolbox/build/tests/layout_smoke"
Directory: /home/taylor.frey/Desktop/GUI Frame/toolbox/build/tests
"layout_smoke" start time: Jul 30 21:28 UTC
Output:
----------------------------------------------------------
layout_smoke: iteration 0 ok
layout_smoke: iteration 1 ok
layout_smoke: iteration 2 ok
layout_smoke: 3 iterations completed cleanly
<end of output>
Test time =   0.66 sec
----------------------------------------------------------
Test Passed.
"layout_smoke" end time: Jul 30 21:28 UTC
"layout_smoke" time elapsed: 00:00:00
----------------------------------------------------------

3/33 Testing: tabs_smoke
3/33 Test: tabs_smoke
Command: "/home/taylor.frey/Desktop/GUI Frame/toolbox/build/tests/tabs_smoke"
Directory: /home/taylor.frey/Desktop/GUI Frame/toolbox/build/tests
"tabs_smoke" start time: Jul 30 21:28 UTC
Output:
----------------------------------------------------------
tabs_smoke: create/select/rename/close all verified
<end of output>
Test time =   0.32 sec
----------------------------------------------------------
Test Passed.
"tabs_smoke" end time: Jul 30 21:28 UTC
"tabs_smoke" time elapsed: 00:00:00
----------------------------------------------------------

4/33 Testing: terminal_smoke
4/33 Test: terminal_smoke
Command: "/home/taylor.frey/Desktop/GUI Frame/toolbox/build/tests/terminal_smoke"
Directory: /home/taylor.frey/Desktop/GUI Frame/toolbox/build/tests
"terminal_smoke" start time: Jul 30 21:28 UTC
Output:
----------------------------------------------------------
terminal_smoke: shell spawn, echo round-trip, and live resize all verified
<end of output>
Test time =   1.04 sec
----------------------------------------------------------
Test Passed.
"terminal_smoke" end time: Jul 30 21:28 UTC
"terminal_smoke" time elapsed: 00:00:01
----------------------------------------------------------

5/33 Testing: multi_terminal_smoke
5/33 Test: multi_terminal_smoke
Command: "/home/taylor.frey/Desktop/GUI Frame/toolbox/build/tests/multi_terminal_smoke"
Directory: /home/taylor.frey/Desktop/GUI Frame/toolbox/build/tests
"multi_terminal_smoke" start time: Jul 30 21:28 UTC
Output:
----------------------------------------------------------
multi_terminal_smoke: independent tabs, selective close, and shell-exit handling all verified
<end of output>
Test time =   2.69 sec
----------------------------------------------------------
Test Passed.
"multi_terminal_smoke" end time: Jul 30 21:28 UTC
"multi_terminal_smoke" time elapsed: 00:00:02
----------------------------------------------------------

6/33 Testing: terminal_session_test
6/33 Test: terminal_session_test
Command: "/home/taylor.frey/Desktop/GUI Frame/toolbox/build/tests/terminal_session_test"
Directory: /home/taylor.frey/Desktop/GUI Frame/toolbox/build/tests
"terminal_session_test" start time: Jul 30 21:28 UTC
Output:
----------------------------------------------------------
terminal_session_test: session identity verified independent of any GTK widget
<end of output>
Test time =   0.00 sec
----------------------------------------------------------
Test Passed.
"terminal_session_test" end time: Jul 30 21:28 UTC
"terminal_session_test" time elapsed: 00:00:00
----------------------------------------------------------

7/33 Testing: toolkit_index_test
7/33 Test: toolkit_index_test
Command: "/home/taylor.frey/Desktop/GUI Frame/toolbox/build/tests/toolkit_index_test"
Directory: /home/taylor.frey/Desktop/GUI Frame/toolbox/build/tests
"toolkit_index_test" start time: Jul 30 21:28 UTC
Output:
----------------------------------------------------------
toolkit_index_test: non-recursive single-level scan verified
<end of output>
Test time =   0.00 sec
----------------------------------------------------------
Test Passed.
"toolkit_index_test" end time: Jul 30 21:28 UTC
"toolkit_index_test" time elapsed: 00:00:00
----------------------------------------------------------

8/33 Testing: event_queue_stress_test
8/33 Test: event_queue_stress_test
Command: "/home/taylor.frey/Desktop/GUI Frame/toolbox/build/tests/event_queue_stress_test"
Directory: /home/taylor.frey/Desktop/GUI Frame/toolbox/build/tests
"event_queue_stress_test" start time: Jul 30 21:28 UTC
Output:
----------------------------------------------------------
event_queue_stress_test: 8000 events from 8 producers verified complete and in order
<end of output>
Test time =   0.01 sec
----------------------------------------------------------
Test Passed.
"event_queue_stress_test" end time: Jul 30 21:28 UTC
"event_queue_stress_test" time elapsed: 00:00:00
----------------------------------------------------------

9/33 Testing: byte_buffer_test
9/33 Test: byte_buffer_test
Command: "/home/taylor.frey/Desktop/GUI Frame/toolbox/build/tests/byte_buffer_test"
Directory: /home/taylor.frey/Desktop/GUI Frame/toolbox/build/tests
"byte_buffer_test" start time: Jul 30 21:28 UTC
Output:
----------------------------------------------------------
byte_buffer_test: interleaved append/consume/peek/discard round-tripped byte-for-byte, including under concurrent access
<end of output>
Test time =   0.00 sec
----------------------------------------------------------
Test Passed.
"byte_buffer_test" end time: Jul 30 21:28 UTC
"byte_buffer_test" time elapsed: 00:00:00
----------------------------------------------------------

10/33 Testing: object_registry_test
10/33 Test: object_registry_test
Command: "/home/taylor.frey/Desktop/GUI Frame/toolbox/build/tests/object_registry_test"
Directory: /home/taylor.frey/Desktop/GUI Frame/toolbox/build/tests
"object_registry_test" start time: Jul 30 21:28 UTC
Output:
----------------------------------------------------------
object_registry_test: id allocation, queries, and non-cascading removal verified
<end of output>
Test time =   0.00 sec
----------------------------------------------------------
Test Passed.
"object_registry_test" end time: Jul 30 21:28 UTC
"object_registry_test" time elapsed: 00:00:00
----------------------------------------------------------

11/33 Testing: object_predicates_test
11/33 Test: object_predicates_test
Command: "/home/taylor.frey/Desktop/GUI Frame/toolbox/build/tests/object_predicates_test"
Directory: /home/taylor.frey/Desktop/GUI Frame/toolbox/build/tests
"object_predicates_test" start time: Jul 30 21:28 UTC
Output:
----------------------------------------------------------
object_predicates_test: full Listener/Connection state matrix verified
<end of output>
Test time =   0.00 sec
----------------------------------------------------------
Test Passed.
"object_predicates_test" end time: Jul 30 21:28 UTC
"object_predicates_test" time elapsed: 00:00:00
----------------------------------------------------------

12/33 Testing: listener_config_validate_test
12/33 Test: listener_config_validate_test
Command: "/home/taylor.frey/Desktop/GUI Frame/toolbox/build/tests/listener_config_validate_test"
Directory: /home/taylor.frey/Desktop/GUI Frame/toolbox/build/tests
"listener_config_validate_test" start time: Jul 30 21:28 UTC
Output:
----------------------------------------------------------
listener_config_validate_test: field-level and uniqueness validation verified
<end of output>
Test time =   0.00 sec
----------------------------------------------------------
Test Passed.
"listener_config_validate_test" end time: Jul 30 21:28 UTC
"listener_config_validate_test" time elapsed: 00:00:00
----------------------------------------------------------

13/33 Testing: listener_manager_test
13/33 Test: listener_manager_test
Command: "/home/taylor.frey/Desktop/GUI Frame/toolbox/build/tests/listener_manager_test"
Directory: /home/taylor.frey/Desktop/GUI Frame/toolbox/build/tests
"listener_manager_test" start time: Jul 30 21:28 UTC
Output:
----------------------------------------------------------
listener_manager_test: full state machine transitions and events verified
<end of output>
Test time =   0.03 sec
----------------------------------------------------------
Test Passed.
"listener_manager_test" end time: Jul 30 21:28 UTC
"listener_manager_test" time elapsed: 00:00:00
----------------------------------------------------------

14/33 Testing: reverse_tcp_test
14/33 Test: reverse_tcp_test
Command: "/home/taylor.frey/Desktop/GUI Frame/toolbox/build/tests/reverse_tcp_test"
Directory: /home/taylor.frey/Desktop/GUI Frame/toolbox/build/tests
"reverse_tcp_test" start time: Jul 30 21:28 UTC
Output:
----------------------------------------------------------
reverse_tcp_test: real accept/connect, port-conflict failure, and clean stop all verified
<end of output>
Test time =   0.02 sec
----------------------------------------------------------
Test Passed.
"reverse_tcp_test" end time: Jul 30 21:28 UTC
"reverse_tcp_test" time elapsed: 00:00:00
----------------------------------------------------------

15/33 Testing: connection_io_test
15/33 Test: connection_io_test
Command: "/home/taylor.frey/Desktop/GUI Frame/toolbox/build/tests/connection_io_test"
Directory: /home/taylor.frey/Desktop/GUI Frame/toolbox/build/tests
"connection_io_test" start time: Jul 30 21:28 UTC
Output:
----------------------------------------------------------
connection_io_test: bidirectional data and disconnect-from-either-end both verified
<end of output>
Test time =   0.04 sec
----------------------------------------------------------
Test Passed.
"connection_io_test" end time: Jul 30 21:28 UTC
"connection_io_test" time elapsed: 00:00:00
----------------------------------------------------------

16/33 Testing: new_listener_dialog_smoke
16/33 Test: new_listener_dialog_smoke
Command: "/home/taylor.frey/Desktop/GUI Frame/toolbox/build/tests/new_listener_dialog_smoke"
Directory: /home/taylor.frey/Desktop/GUI Frame/toolbox/build/tests
"new_listener_dialog_smoke" start time: Jul 30 21:28 UTC
Output:
----------------------------------------------------------
new_listener_dialog_smoke: modal defaults, inline validation, and successful creation all verified
<end of output>
Test time =   1.51 sec
----------------------------------------------------------
Test Passed.
"new_listener_dialog_smoke" end time: Jul 30 21:28 UTC
"new_listener_dialog_smoke" time elapsed: 00:00:01
----------------------------------------------------------

17/33 Testing: listener_console_tab_smoke
17/33 Test: listener_console_tab_smoke
Command: "/home/taylor.frey/Desktop/GUI Frame/toolbox/build/tests/listener_console_tab_smoke"
Directory: /home/taylor.frey/Desktop/GUI Frame/toolbox/build/tests
"listener_console_tab_smoke" start time: Jul 30 21:28 UTC
Output:
----------------------------------------------------------
listener_console_tab_smoke: tab auto-open, Stop/Restart, and close-leaves-it-running all verified
<end of output>
Test time =   0.81 sec
----------------------------------------------------------
Test Passed.
"listener_console_tab_smoke" end time: Jul 30 21:28 UTC
"listener_console_tab_smoke" time elapsed: 00:00:00
----------------------------------------------------------

18/33 Testing: object_panel_smoke
18/33 Test: object_panel_smoke
Command: "/home/taylor.frey/Desktop/GUI Frame/toolbox/build/tests/object_panel_smoke"
Directory: /home/taylor.frey/Desktop/GUI Frame/toolbox/build/tests
"object_panel_smoke" start time: Jul 30 21:28 UTC
Output:
----------------------------------------------------------
object_panel_smoke: listener row, live connection row, and disconnect-but-retain all verified
<end of output>
Test time =   1.37 sec
----------------------------------------------------------
Test Passed.
"object_panel_smoke" end time: Jul 30 21:28 UTC
"object_panel_smoke" time elapsed: 00:00:01
----------------------------------------------------------

19/33 Testing: connection_terminal_smoke
19/33 Test: connection_terminal_smoke
Command: "/home/taylor.frey/Desktop/GUI Frame/toolbox/build/tests/connection_terminal_smoke"
Directory: /home/taylor.frey/Desktop/GUI Frame/toolbox/build/tests
"connection_terminal_smoke" start time: Jul 30 21:28 UTC
Output:
----------------------------------------------------------
connection_terminal_smoke: detach-on-close, reopen-and-resume, single-writer, and disconnected-read-only all verified
<end of output>
Test time =   1.69 sec
----------------------------------------------------------
Test Passed.
"connection_terminal_smoke" end time: Jul 30 21:28 UTC
"connection_terminal_smoke" time elapsed: 00:00:01
----------------------------------------------------------

20/33 Testing: context_menu_smoke
20/33 Test: context_menu_smoke
Command: "/home/taylor.frey/Desktop/GUI Frame/toolbox/build/tests/context_menu_smoke"
Directory: /home/taylor.frey/Desktop/GUI Frame/toolbox/build/tests
"context_menu_smoke" start time: Jul 30 21:28 UTC
Output:
----------------------------------------------------------

(context_menu_smoke:392894): Gtk-WARNING **: 21:28:52.933: no trigger event for menu popup

(context_menu_smoke:392894): Gtk-WARNING **: 21:28:53.134: no trigger event for menu popup

(context_menu_smoke:392894): Gtk-WARNING **: 21:28:53.159: no trigger event for menu popup

(context_menu_smoke:392894): Gtk-WARNING **: 21:28:53.537: no trigger event for menu popup

(context_menu_smoke:392894): Gtk-WARNING **: 21:28:53.738: no trigger event for menu popup

(context_menu_smoke:392894): Gtk-WARNING **: 21:28:53.759: no trigger event for menu popup
context_menu_smoke: menu sensitivities, guarded remove, and close-running-tab confirmation all verified
<end of output>
Test time =   1.54 sec
----------------------------------------------------------
Test Passed.
"context_menu_smoke" end time: Jul 30 21:28 UTC
"context_menu_smoke" time elapsed: 00:00:01
----------------------------------------------------------

21/33 Testing: http_listener_smoke
21/33 Test: http_listener_smoke
Command: "/home/taylor.frey/Desktop/GUI Frame/toolbox/build/tests/http_listener_smoke"
Directory: /home/taylor.frey/Desktop/GUI Frame/toolbox/build/tests
"http_listener_smoke" start time: Jul 30 21:28 UTC
Output:
----------------------------------------------------------
http_listener_smoke: matching path, identical connection lifecycle, and non-matching path rejection all verified
<end of output>
Test time =   1.64 sec
----------------------------------------------------------
Test Passed.
"http_listener_smoke" end time: Jul 30 21:28 UTC
"http_listener_smoke" time elapsed: 00:00:01
----------------------------------------------------------

22/33 Testing: https_listener_smoke
22/33 Test: https_listener_smoke
Command: "/home/taylor.frey/Desktop/GUI Frame/toolbox/build/tests/https_listener_smoke"
Directory: /home/taylor.frey/Desktop/GUI Frame/toolbox/build/tests
"https_listener_smoke" start time: Jul 30 21:28 UTC
Output:
----------------------------------------------------------
https_listener_smoke: TLS handshake, matching path, identical connection lifecycle, and bad-cert-path START_FAILED all verified
<end of output>
Test time =   2.15 sec
----------------------------------------------------------
Test Passed.
"https_listener_smoke" end time: Jul 30 21:28 UTC
"https_listener_smoke" time elapsed: 00:00:02
----------------------------------------------------------

23/33 Testing: workspace_root_test
23/33 Test: workspace_root_test
Command: "/home/taylor.frey/Desktop/GUI Frame/toolbox/build/tests/workspace_root_test"
Directory: /home/taylor.frey/Desktop/GUI Frame/toolbox/build/tests
"workspace_root_test" start time: Jul 30 21:28 UTC
Output:
----------------------------------------------------------
workspace_root_test: path containment verified (traversal, absolute, symlink escape, prefix-matching mistake all rejected; valid and not-yet-existing paths resolve correctly)
<end of output>
Test time =   0.00 sec
----------------------------------------------------------
Test Passed.
"workspace_root_test" end time: Jul 30 21:28 UTC
"workspace_root_test" time elapsed: 00:00:00
----------------------------------------------------------

24/33 Testing: file_tree_test
24/33 Test: file_tree_test
Command: "/home/taylor.frey/Desktop/GUI Frame/toolbox/build/tests/file_tree_test"
Directory: /home/taylor.frey/Desktop/GUI Frame/toolbox/build/tests
"file_tree_test" start time: Jul 30 21:28 UTC
Output:
----------------------------------------------------------
file_tree_test: sorted non-recursive scans, refresh-without-leaking, permission errors, and non-expandable symlinks all verified
<end of output>
Test time =   0.00 sec
----------------------------------------------------------
Test Passed.
"file_tree_test" end time: Jul 30 21:28 UTC
"file_tree_test" time elapsed: 00:00:00
----------------------------------------------------------

25/33 Testing: explorer_sidebar_smoke
25/33 Test: explorer_sidebar_smoke
Command: "/home/taylor.frey/Desktop/GUI Frame/toolbox/build/tests/explorer_sidebar_smoke"
Directory: /home/taylor.frey/Desktop/GUI Frame/toolbox/build/tests
"explorer_sidebar_smoke" start time: Jul 30 21:28 UTC
Output:
----------------------------------------------------------
explorer_sidebar_smoke: merged TOOLBOX/Toolkit roots, eager root load, lazy subfolder expand, refresh-without-duplicating, and source isolation all verified
<end of output>
Test time =   0.20 sec
----------------------------------------------------------
Test Passed.
"explorer_sidebar_smoke" end time: Jul 30 21:28 UTC
"explorer_sidebar_smoke" time elapsed: 00:00:00
----------------------------------------------------------

26/33 Testing: file_operations_test
26/33 Test: file_operations_test
Command: "/home/taylor.frey/Desktop/GUI Frame/toolbox/build/tests/file_operations_test"
Directory: /home/taylor.frey/Desktop/GUI Frame/toolbox/build/tests
"file_operations_test" start time: Jul 30 21:28 UTC
Output:
----------------------------------------------------------
file_operations_test: create/rename/delete semantics, duplicate/invalid-name rejection, recursive-delete symlink safety, and containment all verified
<end of output>
Test time =   0.00 sec
----------------------------------------------------------
Test Passed.
"file_operations_test" end time: Jul 30 21:28 UTC
"file_operations_test" time elapsed: 00:00:00
----------------------------------------------------------

27/33 Testing: explorer_operations_smoke
27/33 Test: explorer_operations_smoke
Command: "/home/taylor.frey/Desktop/GUI Frame/toolbox/build/tests/explorer_operations_smoke"
Directory: /home/taylor.frey/Desktop/GUI Frame/toolbox/build/tests
"explorer_operations_smoke" start time: Jul 30 21:28 UTC
Output:
----------------------------------------------------------

(explorer_operations_smoke:393554): Gtk-WARNING **: 21:28:58.316: no trigger event for menu popup

(explorer_operations_smoke:393554): Gtk-WARNING **: 21:28:58.326: no trigger event for menu popup

(explorer_operations_smoke:393554): Gtk-WARNING **: 21:28:58.335: no trigger event for menu popup

(explorer_operations_smoke:393554): Gtk-WARNING **: 21:28:58.341: no trigger event for menu popup

(explorer_operations_smoke:393554): Gtk-WARNING **: 21:28:58.362: no trigger event for menu popup

(explorer_operations_smoke:393554): Gtk-WARNING **: 21:28:58.407: no trigger event for menu popup

(explorer_operations_smoke:393554): Gtk-WARNING **: 21:28:58.416: no trigger event for menu popup
explorer_operations_smoke: toolbar create, context-menu create/rename/delete (immediate and confirmed), refresh-preserves-expansion, and the TOOLBOX root's restricted menu all verified
<end of output>
Test time =   0.37 sec
----------------------------------------------------------
Test Passed.
"explorer_operations_smoke" end time: Jul 30 21:28 UTC
"explorer_operations_smoke" time elapsed: 00:00:00
----------------------------------------------------------

28/33 Testing: file_classify_test
28/33 Test: file_classify_test
Command: "/home/taylor.frey/Desktop/GUI Frame/toolbox/build/tests/file_classify_test"
Directory: /home/taylor.frey/Desktop/GUI Frame/toolbox/build/tests
"file_classify_test" start time: Jul 30 21:28 UTC
Output:
----------------------------------------------------------
file_classify_test: text/binary/empty/directory/nonexistent/executable-script classification all verified
<end of output>
Test time =   0.00 sec
----------------------------------------------------------
Test Passed.
"file_classify_test" end time: Jul 30 21:28 UTC
"file_classify_test" time elapsed: 00:00:00
----------------------------------------------------------

29/33 Testing: editor_document_test
29/33 Test: editor_document_test
Command: "/home/taylor.frey/Desktop/GUI Frame/toolbox/build/tests/editor_document_test"
Directory: /home/taylor.frey/Desktop/GUI Frame/toolbox/build/tests
"editor_document_test" start time: Jul 30 21:28 UTC
Output:
----------------------------------------------------------
editor_document_test: text load, metadata-only load, large-file truncation/read-only-forcing, and nonexistent/outside-root rejection all verified
<end of output>
Test time =   0.01 sec
----------------------------------------------------------
Test Passed.
"editor_document_test" end time: Jul 30 21:28 UTC
"editor_document_test" time elapsed: 00:00:00
----------------------------------------------------------

30/33 Testing: explorer_editor_smoke
30/33 Test: explorer_editor_smoke
Command: "/home/taylor.frey/Desktop/GUI Frame/toolbox/build/tests/explorer_editor_smoke"
Directory: /home/taylor.frey/Desktop/GUI Frame/toolbox/build/tests
"explorer_editor_smoke" start time: Jul 30 21:28 UTC
Output:
----------------------------------------------------------
explorer_editor_smoke: text-file editor open, no-duplicate-tab, binary-info tab, directory expand/collapse (no tab), and read-only indicator/non-editable text view all verified
<end of output>
Test time =   0.20 sec
----------------------------------------------------------
Test Passed.
"explorer_editor_smoke" end time: Jul 30 21:28 UTC
"explorer_editor_smoke" time elapsed: 00:00:00
----------------------------------------------------------

31/33 Testing: editor_document_save_test
31/33 Test: editor_document_save_test
Command: "/home/taylor.frey/Desktop/GUI Frame/toolbox/build/tests/editor_document_save_test"
Directory: /home/taylor.frey/Desktop/GUI Frame/toolbox/build/tests
"editor_document_save_test" start time: Jul 30 21:28 UTC
Output:
----------------------------------------------------------
editor_document_save_test: in-place save, permission preservation, read-only rejection, Save As (success/already-exists/invalid-name/outside-workspace), and failed-save-preserves-original all verified
<end of output>
Test time =   0.01 sec
----------------------------------------------------------
Test Passed.
"editor_document_save_test" end time: Jul 30 21:28 UTC
"editor_document_save_test" time elapsed: 00:00:00
----------------------------------------------------------

32/33 Testing: editor_save_smoke
32/33 Test: editor_save_smoke
Command: "/home/taylor.frey/Desktop/GUI Frame/toolbox/build/tests/editor_save_smoke"
Directory: /home/taylor.frey/Desktop/GUI Frame/toolbox/build/tests
"editor_save_smoke" start time: Jul 30 21:28 UTC
Output:
----------------------------------------------------------
editor_save_smoke: modified dot, Save, Save As, Revert, and Save All (with a reported per-file failure) all verified
<end of output>
Test time =   1.74 sec
----------------------------------------------------------
Test Passed.
"editor_save_smoke" end time: Jul 30 21:29 UTC
"editor_save_smoke" time elapsed: 00:00:01
----------------------------------------------------------

33/33 Testing: editor_close_confirmation_smoke
33/33 Test: editor_close_confirmation_smoke
Command: "/home/taylor.frey/Desktop/GUI Frame/toolbox/build/tests/editor_close_confirmation_smoke"
Directory: /home/taylor.frey/Desktop/GUI Frame/toolbox/build/tests
"editor_close_confirmation_smoke" start time: Jul 30 21:29 UTC
Output:
----------------------------------------------------------

(editor_close_confirmation_smoke:393872): Gtk-WARNING **: 21:29:00.681: no trigger event for menu popup

(editor_close_confirmation_smoke:393872): Gtk-WARNING **: 21:29:00.696: no trigger event for menu popup

(editor_close_confirmation_smoke:393872): Gtk-WARNING **: 21:29:00.717: no trigger event for menu popup
editor_close_confirmation_smoke: close Save/Discard/Cancel, Close Others/Close All, rename-sync, and quit-confirmation Cancel all verified
<end of output>
Test time =   0.35 sec
----------------------------------------------------------
Test Passed.
"editor_close_confirmation_smoke" end time: Jul 30 21:29 UTC
"editor_close_confirmation_smoke" time elapsed: 00:00:00
----------------------------------------------------------

End testing: Jul 30 21:29 UTC
